<?xml version="1.0" encoding="UTF-8"?>
<!-- Generated by org.testng.reporters.JUnitReportReporter -->
<testsuite hostname="SYS" name="testScripts.TC002_Search" tests="2" failures="0" timestamp="7 May 2017 09:15:38 GMT" time="23.900" errors="0">
  <testcase name="searchForItem" time="13.662" classname="testScripts.TC002_Search"/>
  <testcase name="searchForItem" time="10.238" classname="testScripts.TC002_Search"/>
</testsuite> <!-- testScripts.TC002_Search -->
