<?xml version="1.0" encoding="UTF-8"?>
<!-- Generated by org.testng.reporters.JUnitReportReporter -->
<testsuite hostname="SYS" name="testScripts.TC001_Search" tests="1" failures="0" timestamp="7 May 2017 08:58:50 GMT" time="10.866" errors="0">
  <testcase name="searchForItem" time="10.866" classname="testScripts.TC001_Search"/>
</testsuite> <!-- testScripts.TC001_Search -->
