<?xml version="1.0" encoding="UTF-8"?>
<!-- Generated by org.testng.reporters.JUnitReportReporter -->
<testsuite hostname="SYS" name="testScripts.TC003_search" tests="2" failures="0" timestamp="7 May 2017 09:51:39 GMT" time="29.308" errors="0">
  <testcase name="search" time="15.567" classname="testScripts.TC003_search"/>
  <testcase name="search" time="13.741" classname="testScripts.TC003_search"/>
</testsuite> <!-- testScripts.TC003_search -->
