<?xml version="1.0" encoding="UTF-8"?>
<!-- Generated by org.testng.reporters.JUnitReportReporter -->
<testsuite hostname="SYS" name="testScripts.TC004_search_ExcelData" tests="5" failures="0" timestamp="7 May 2017 10:33:02 GMT" time="64.607" errors="0">
  <testcase name="search" time="12.466" classname="testScripts.TC004_search_ExcelData"/>
  <testcase name="search" time="13.612" classname="testScripts.TC004_search_ExcelData"/>
  <testcase name="search" time="11.586" classname="testScripts.TC004_search_ExcelData"/>
  <testcase name="search" time="15.680" classname="testScripts.TC004_search_ExcelData"/>
  <testcase name="search" time="11.263" classname="testScripts.TC004_search_ExcelData"/>
</testsuite> <!-- testScripts.TC004_search_ExcelData -->
